<?xml version="1.0" encoding="UTF-8"?>
<testsuite name="com.crio.qcalc.StandardCalculatorTest" tests="4" skipped="0" failures="0" errors="0" timestamp="2023-04-20T10:30:01" hostname="LAPTOP-Q8G3HKMK" time="0.065">
  <properties/>
  <testcase name="Test Addition of Two Integers" classname="com.crio.qcalc.StandardCalculatorTest" time="0.06"/>
  <testcase name="Test Substraction of Two Integers" classname="com.crio.qcalc.StandardCalculatorTest" time="0.001"/>
  <testcase name="Test Multiplication of Two Integers" classname="com.crio.qcalc.StandardCalculatorTest" time="0.001"/>
  <testcase name="Test Division of Two Integers" classname="com.crio.qcalc.StandardCalculatorTest" time="0.001"/>
  <system-out><![CDATA[]]></system-out>
  <system-err><![CDATA[]]></system-err>
</testsuite>
